<?xml version="1.0" encoding="UTF-8"?>
<!-- Generated by org.testng.reporters.JUnitReportReporter -->
<testsuite skipped="0" hostname="KPs-HP" name="gov.uk.check.visa.testsuite.VisaConfirmationTest" tests="3" failures="0" timestamp="2022-12-15T19:20:28 GMT" time="33.774" errors="0">
  <testcase name="anAustralianCominToUKForTourism" time="7.834" classname="gov.uk.check.visa.testsuite.VisaConfirmationTest"/>
  <system-out>
    <![CDATA[Clicking on start now button
Selecting Nationality from dropdown
Clicking on next step button
Clicking on reason tourism
Clicking on continue button
Expected message to compare
Getting result message]]>
  </system-out>
  <testcase name="aChileanComingToTheUKForWorkAndPlansOnStayingForLongerThanSixMonths" time="10.050" classname="gov.uk.check.visa.testsuite.VisaConfirmationTest"/>
  <system-out>
    <![CDATA[Clicking on start now button
Selecting Nationality from dropdown
Clicking on next step button
Clicking on reason tourism
Clicking on continue button
Expected message to compare
Getting result message]]>
  </system-out>
  <testcase name="aColumbianNationalComingToTheUKToJoinAPartnerForALongStayTheyDoHaveAnArticle10Or20Card" time="15.890" classname="gov.uk.check.visa.testsuite.VisaConfirmationTest"/>
  <system-out>
    <![CDATA[Clicking on start now button
Selecting Nationality from dropdown
Clicking on next step button
Clicking on reason tourism
Clicking on continue button
Expected message to compare
Getting result message]]>
  </system-out>
</testsuite> <!-- gov.uk.check.visa.testsuite.VisaConfirmationTest -->
